2023-08-06 05:29:18.658265 - Initialized conversion of CBT601
2023-08-06 05:29:19.095559 - Received CBT.V505.FILE601.PDS from FILE601.XMI 
2023-08-06 05:29:19.098056 - Found $$$#DATE.txt (text/plain) in CBT.V505.FILE601.PDS, moved to PDS/$$$#DATE
2023-08-06 05:29:19.098965 - Found $GPDOC.txt (text/plain) in CBT.V505.FILE601.PDS, moved to PDS/$GPDOC
2023-08-06 05:29:19.100068 - Found $JQT.txt (text/plain) in CBT.V505.FILE601.PDS, moved to PDS/$JQT
2023-08-06 05:29:19.101079 - Found $PDSLOAD.jcl (text/plain) in CBT.V505.FILE601.PDS, moved to PDS/$PDSLOAD
2023-08-06 05:29:19.102055 - Found $RENAME.txt (text/plain) in CBT.V505.FILE601.PDS, moved to PDS/$RENAME
2023-08-06 05:29:19.103006 - Found $RNBDOC.txt (text/plain) in CBT.V505.FILE601.PDS, moved to PDS/$RNBDOC
2023-08-06 05:29:19.103917 - Found $SP.txt (text/plain) in CBT.V505.FILE601.PDS, moved to PDS/$SP
2023-08-06 05:29:19.104748 - Found @FILE601.txt (text/plain) in CBT.V505.FILE601.PDS, moved to PDS/@FILE601
2023-08-06 05:29:19.105707 - Found ACTIVE.txt (text/plain) in CBT.V505.FILE601.PDS, moved to PDS/ACTIVE
2023-08-06 05:29:19.106661 - Found ALLOCATE.txt (text/plain) in CBT.V505.FILE601.PDS, moved to PDS/ALLOCATE
2023-08-06 05:29:19.107586 - Found BLD3270.txt (text/plain) in CBT.V505.FILE601.PDS, moved to PDS/BLD3270
2023-08-06 05:29:19.108514 - Found C.jcl (text/plain) in CBT.V505.FILE601.PDS, moved to PDS/C
2023-08-06 05:29:19.109436 - Found CB3270.txt (text/plain) in CBT.V505.FILE601.PDS, moved to PDS/CB3270
2023-08-06 05:29:19.110370 - Found CHCT.txt (text/plain) in CBT.V505.FILE601.PDS, moved to PDS/CHCT
2023-08-06 05:29:19.111344 - Found CJCT.txt (text/plain) in CBT.V505.FILE601.PDS, moved to PDS/CJCT
2023-08-06 05:29:19.112311 - Found CJOE.txt (text/plain) in CBT.V505.FILE601.PDS, moved to PDS/CJOE
2023-08-06 05:29:19.113268 - Found CJOESP.txt (text/plain) in CBT.V505.FILE601.PDS, moved to PDS/CJOESP
2023-08-06 05:29:19.114184 - Found CJQE.txt (text/plain) in CBT.V505.FILE601.PDS, moved to PDS/CJQE
2023-08-06 05:29:19.115093 - Found CKPT.txt (text/plain) in CBT.V505.FILE601.PDS, moved to PDS/CKPT
2023-08-06 05:29:19.116041 - Found COMPILE.jcl (text/plain) in CBT.V505.FILE601.PDS, moved to PDS/COMPILE
2023-08-06 05:29:19.116996 - Found CPDDB.txt (text/plain) in CBT.V505.FILE601.PDS, moved to PDS/CPDDB
2023-08-06 05:29:19.117913 - Found CSAVE.txt (text/plain) in CBT.V505.FILE601.PDS, moved to PDS/CSAVE
2023-08-06 05:29:19.118912 - Found CSPIN.txt (text/plain) in CBT.V505.FILE601.PDS, moved to PDS/CSPIN
2023-08-06 05:29:19.119782 - Found CTSO.txt (text/plain) in CBT.V505.FILE601.PDS, moved to PDS/CTSO
2023-08-06 05:29:19.120638 - Found DDNAME.txt (text/plain) in CBT.V505.FILE601.PDS, moved to PDS/DDNAME
2023-08-06 05:29:19.121556 - Found DISPLAY.txt (text/plain) in CBT.V505.FILE601.PDS, moved to PDS/DISPLAY
2023-08-06 05:29:19.122670 - Found FILE53.txt (text/plain) in CBT.V505.FILE601.PDS, moved to PDS/FILE53
2023-08-06 05:29:19.123690 - Found FINDJOB.txt (text/plain) in CBT.V505.FILE601.PDS, moved to PDS/FINDJOB
2023-08-06 05:29:19.124573 - Found FINDPDDB.txt (text/plain) in CBT.V505.FILE601.PDS, moved to PDS/FINDPDDB
2023-08-06 05:29:19.125447 - Found FORMAT.txt (text/plain) in CBT.V505.FILE601.PDS, moved to PDS/FORMAT
2023-08-06 05:29:19.126454 - Found GTTERM.txt (text/plain) in CBT.V505.FILE601.PDS, moved to PDS/GTTERM
2023-08-06 05:29:19.127367 - Found HELP.txt (text/plain) in CBT.V505.FILE601.PDS, moved to PDS/HELP
2023-08-06 05:29:19.128219 - Found HEXBLK.txt (text/plain) in CBT.V505.FILE601.PDS, moved to PDS/HEXBLK
2023-08-06 05:29:19.129110 - Found HEXDUMP.txt (text/plain) in CBT.V505.FILE601.PDS, moved to PDS/HEXDUMP
2023-08-06 05:29:19.129990 - Found INIT.txt (text/plain) in CBT.V505.FILE601.PDS, moved to PDS/INIT
2023-08-06 05:29:19.130901 - Found INITS.txt (text/plain) in CBT.V505.FILE601.PDS, moved to PDS/INITS
2023-08-06 05:29:19.131758 - Found JCL.txt (text/plain) in CBT.V505.FILE601.PDS, moved to PDS/JCL
2023-08-06 05:29:19.132627 - Found JLOG.txt (text/plain) in CBT.V505.FILE601.PDS, moved to PDS/JLOG
2023-08-06 05:29:19.133573 - Found JMSG.txt (text/plain) in CBT.V505.FILE601.PDS, moved to PDS/JMSG
2023-08-06 05:29:19.134464 - Found LIST.txt (text/plain) in CBT.V505.FILE601.PDS, moved to PDS/LIST
2023-08-06 05:29:19.135293 - Found LISTDS.txt (text/plain) in CBT.V505.FILE601.PDS, moved to PDS/LISTDS
2023-08-06 05:29:19.136079 - Found NEXT.txt (text/plain) in CBT.V505.FILE601.PDS, moved to PDS/NEXT
2023-08-06 05:29:19.136880 - Found PARSE.txt (text/plain) in CBT.V505.FILE601.PDS, moved to PDS/PARSE
2023-08-06 05:29:19.138102 - Found PRINT.txt (text/plain) in CBT.V505.FILE601.PDS, moved to PDS/PRINT
2023-08-06 05:29:19.139147 - Found QCOMMON.txt (text/plain) in CBT.V505.FILE601.PDS, moved to PDS/QCOMMON
2023-08-06 05:29:19.140102 - Found QHEAD.txt (text/plain) in CBT.V505.FILE601.PDS, moved to PDS/QHEAD
2023-08-06 05:29:19.141035 - Found QPRBGEN.txt (text/plain) in CBT.V505.FILE601.PDS, moved to PDS/QPRBGEN
2023-08-06 05:29:19.141913 - Found QSTART.txt (text/plain) in CBT.V505.FILE601.PDS, moved to PDS/QSTART
2023-08-06 05:29:19.142778 - Found QSTOP.txt (text/plain) in CBT.V505.FILE601.PDS, moved to PDS/QSTOP
2023-08-06 05:29:19.143660 - Found QTILT.txt (text/plain) in CBT.V505.FILE601.PDS, moved to PDS/QTILT
2023-08-06 05:29:19.144536 - Found QUEUE.txt (text/plain) in CBT.V505.FILE601.PDS, moved to PDS/QUEUE
2023-08-06 05:29:19.145439 - Found QUEUECMN.txt (text/plain) in CBT.V505.FILE601.PDS, moved to PDS/QUEUECMN
2023-08-06 05:29:19.146358 - Found READSPC.txt (text/plain) in CBT.V505.FILE601.PDS, moved to PDS/READSPC
2023-08-06 05:29:19.147326 - Found RELINK.jcl (text/plain) in CBT.V505.FILE601.PDS, moved to PDS/RELINK
2023-08-06 05:29:19.148259 - Found REPOS.txt (text/plain) in CBT.V505.FILE601.PDS, moved to PDS/REPOS
2023-08-06 05:29:19.149179 - Found SEARCH.txt (text/plain) in CBT.V505.FILE601.PDS, moved to PDS/SEARCH
2023-08-06 05:29:19.150117 - Found SYSLOG.txt (text/plain) in CBT.V505.FILE601.PDS, moved to PDS/SYSLOG
2023-08-06 05:29:19.150997 - Found SYSOUT.txt (text/plain) in CBT.V505.FILE601.PDS, moved to PDS/SYSOUT
2023-08-06 05:29:19.151880 - Found TABLE.txt (text/plain) in CBT.V505.FILE601.PDS, moved to PDS/TABLE
2023-08-06 05:29:19.152751 - Found TSOHELP.txt (text/plain) in CBT.V505.FILE601.PDS, moved to PDS/TSOHELP
2023-08-06 05:29:19.153687 - Found XDS.txt (text/plain) in CBT.V505.FILE601.PDS, moved to PDS/XDS
